<?xml version="1.0" encoding="UTF-8"?>
<!-- Generated by org.testng.reporters.JUnitReportReporter -->
<testsuite hostname="DESKTOP-5EQ2V4T" name="com.TestNG.TestCase1" tests="3" failures="0" timestamp="3 Jun 2020 19:05:49 GMT" time="0.006" errors="0">
  <testcase name="TestCast4" time="0.002" classname="com.TestNG.TestCase1"/>
  <testcase name="TestCast2" time="0.002" classname="com.TestNG.TestCase1"/>
  <testcase name="TestCast3" time="0.002" classname="com.TestNG.TestCase1"/>
</testsuite> <!-- com.TestNG.TestCase1 -->
