<?xml version="1.0" encoding="UTF-8"?>
<!-- Generated by org.testng.reporters.JUnitReportReporter -->
<testsuite hostname="DESKTOP-5EQ2V4T" name="com.testcase.mousehandling" tests="1" failures="0" timestamp="8 Jun 2020 17:05:03 GMT" time="8.656" errors="0">
  <testcase name="login" time="8.656" classname="com.testcase.mousehandling"/>
</testsuite> <!-- com.testcase.mousehandling -->
