<?xml version="1.0" encoding="UTF-8"?>
<!-- Generated by org.testng.reporters.JUnitReportReporter -->
<testsuite hostname="DESKTOP-5EQ2V4T" name="com.testcase.Framehandling" tests="1" failures="0" timestamp="8 Jun 2020 19:22:04 GMT" time="5.752" errors="0">
  <testcase name="login" time="5.752" classname="com.testcase.Framehandling"/>
</testsuite> <!-- com.testcase.Framehandling -->
