<?xml version="1.0" encoding="UTF-8"?>
<!-- Generated by org.testng.reporters.JUnitReportReporter -->
<testsuite hostname="DESKTOP-5EQ2V4T" name="com.testcase.ScrollDown" tests="1" failures="0" timestamp="8 Jun 2020 18:37:36 GMT" time="9.053" errors="0">
  <testcase name="login" time="9.053" classname="com.testcase.ScrollDown"/>
</testsuite> <!-- com.testcase.ScrollDown -->
