<?xml version="1.0" encoding="UTF-8"?>
<!-- Generated by org.testng.reporters.JUnitReportReporter -->
<testsuite hostname="DESKTOP-5EQ2V4T" name="com.TestNG.DependsOnGroups" tests="3" failures="0" timestamp="8 Jun 2020 22:23:42 GMT" time="0.024" errors="0">
  <testcase name="logout" time="0.001" classname="com.TestNG.DependsOnGroups"/>
  <testcase name="login" time="0.020" classname="com.TestNG.DependsOnGroups"/>
  <testcase name="search" time="0.003" classname="com.TestNG.DependsOnGroups"/>
</testsuite> <!-- com.TestNG.DependsOnGroups -->
