<?xml version="1.0" encoding="UTF-8"?>
<!-- Generated by org.testng.reporters.JUnitReportReporter -->
<testsuite hostname="DESKTOP-5EQ2V4T" name="com.TestNG.testngexample" tests="1" failures="0" timestamp="9 Jun 2020 16:24:35 GMT" time="1.685" errors="0">
  <testcase name="Login" time="1.685" classname="com.TestNG.testngexample"/>
</testsuite> <!-- com.TestNG.testngexample -->
