<?xml version="1.0" encoding="UTF-8"?>
<!-- Generated by org.testng.reporters.JUnitReportReporter -->
<testsuite hostname="DESKTOP-5EQ2V4T" name="com.TestNG.ParallelExecution" tests="3" failures="0" timestamp="9 Jun 2020 21:23:03 GMT" time="0.023" errors="0">
  <testcase name="testcase1" time="0.020" classname="com.TestNG.ParallelExecution"/>
  <testcase name="testcase2" time="0.002" classname="com.TestNG.ParallelExecution"/>
  <testcase name="testcase3" time="0.001" classname="com.TestNG.ParallelExecution"/>
</testsuite> <!-- com.TestNG.ParallelExecution -->
