<?xml version="1.0" encoding="UTF-8"?>
<!-- Generated by org.testng.reporters.JUnitReportReporter -->
<testsuite hostname="DESKTOP-5EQ2V4T" name="com.TestNG.testngexample" tests="1" failures="0" timestamp="3 Jun 2020 22:24:26 GMT" time="1.553" errors="0">
  <testcase name="Login" time="1.553" classname="com.TestNG.testngexample"/>
</testsuite> <!-- com.TestNG.testngexample -->
