<?xml version="1.0" encoding="UTF-8"?>
<!-- Generated by org.testng.reporters.JUnitReportReporter -->
<testsuite hostname="DESKTOP-5EQ2V4T" name="com.testcase.AlertHandling" tests="1" failures="0" timestamp="8 Jun 2020 18:59:11 GMT" time="6.003" errors="0">
  <testcase name="login" time="6.003" classname="com.testcase.AlertHandling"/>
</testsuite> <!-- com.testcase.AlertHandling -->
