<?xml version="1.0" encoding="UTF-8"?>
<!-- Generated by org.testng.reporters.JUnitReportReporter -->
<testsuite hostname="DESKTOP-5EQ2V4T" name="com.testcase.mousehandling" tests="1" failures="0" timestamp="9 Jun 2020 16:24:35 GMT" time="7.460" errors="0">
  <testcase name="login" time="7.460" classname="com.testcase.mousehandling"/>
</testsuite> <!-- com.testcase.mousehandling -->
