<?xml version="1.0" encoding="UTF-8"?>
<!-- Generated by org.testng.reporters.JUnitReportReporter -->
<testsuite hostname="DESKTOP-5EQ2V4T" name="com.TestNG.ParallelExecution1" tests="3" failures="0" timestamp="9 Jun 2020 16:24:35 GMT" time="0.005" errors="0">
  <testcase name="testcase5" time="0.002" classname="com.TestNG.ParallelExecution1"/>
  <testcase name="testcase6" time="0.001" classname="com.TestNG.ParallelExecution1"/>
  <testcase name="testcase4" time="0.002" classname="com.TestNG.ParallelExecution1"/>
</testsuite> <!-- com.TestNG.ParallelExecution1 -->
