<?xml version="1.0" encoding="UTF-8"?>
<!-- Generated by org.testng.reporters.JUnitReportReporter -->
<testsuite hostname="DESKTOP-5EQ2V4T" name="com.testcase.ScrollDown" tests="1" failures="0" timestamp="9 Jun 2020 16:24:35 GMT" time="10.465" errors="0">
  <testcase name="login" time="10.465" classname="com.testcase.ScrollDown"/>
</testsuite> <!-- com.testcase.ScrollDown -->
