<?xml version="1.0" encoding="UTF-8"?>
<!-- Generated by org.testng.reporters.JUnitReportReporter -->
<testsuite hostname="DESKTOP-5EQ2V4T" name="com.testcase.DatePicker" tests="1" failures="0" timestamp="8 Jun 2020 17:56:16 GMT" time="6.788" errors="0">
  <testcase name="login" time="6.788" classname="com.testcase.DatePicker"/>
</testsuite> <!-- com.testcase.DatePicker -->
