<?xml version="1.0" encoding="UTF-8"?>
<!-- Generated by org.testng.reporters.JUnitReportReporter -->
<testsuite hostname="DESKTOP-5EQ2V4T" name="com.TestNG.DependsuponMethods" tests="3" failures="0" timestamp="9 Jun 2020 19:46:57 GMT" time="0.028" errors="0">
  <testcase name="login" time="0.024" classname="com.TestNG.DependsuponMethods"/>
  <testcase name="search" time="0.003" classname="com.TestNG.DependsuponMethods"/>
  <testcase name="logout" time="0.001" classname="com.TestNG.DependsuponMethods"/>
</testsuite> <!-- com.TestNG.DependsuponMethods -->
