<?xml version="1.0" encoding="UTF-8"?>
<!-- Generated by org.testng.reporters.JUnitReportReporter -->
<testsuite hostname="DESKTOP-5EQ2V4T" name="com.TestNG.prioritytestcase" tests="3" failures="0" timestamp="3 Jun 2020 19:05:49 GMT" time="0.005" errors="0">
  <testcase name="testcase1" time="0.003" classname="com.TestNG.prioritytestcase"/>
  <testcase name="testcase2" time="0.001" classname="com.TestNG.prioritytestcase"/>
  <testcase name="testcase3" time="0.001" classname="com.TestNG.prioritytestcase"/>
</testsuite> <!-- com.TestNG.prioritytestcase -->
