<?xml version="1.0" encoding="UTF-8"?>
<!-- Generated by org.testng.reporters.JUnitReportReporter -->
<testsuite hostname="DESKTOP-5EQ2V4T" name="com.TestNG.DependsOnGroups" tests="1" failures="0" timestamp="8 Jun 2020 19:36:35 GMT" time="0.019" errors="0">
  <testcase name="login" time="0.019" classname="com.TestNG.DependsOnGroups"/>
</testsuite> <!-- com.TestNG.DependsOnGroups -->
