<?xml version="1.0" encoding="UTF-8"?>
<!-- Generated by org.testng.reporters.JUnitReportReporter -->
<testsuite hostname="DESKTOP-5EQ2V4T" name="com.TestNG.CallwrapperTestNG" tests="2" failures="0" timestamp="9 Jun 2020 16:24:35 GMT" time="8.946" errors="0">
  <testcase name="login" time="2.455" classname="com.TestNG.CallwrapperTestNG"/>
  <testcase name="admin" time="6.491" classname="com.TestNG.CallwrapperTestNG"/>
</testsuite> <!-- com.TestNG.CallwrapperTestNG -->
