<?xml version="1.0" encoding="UTF-8"?>
<!-- Generated by org.testng.reporters.JUnitReportReporter -->
<testsuite hostname="DESKTOP-5EQ2V4T" name="com.testcase.Framehandling" tests="1" failures="0" timestamp="9 Jun 2020 16:24:35 GMT" time="6.133" errors="0">
  <testcase name="login" time="6.133" classname="com.testcase.Framehandling"/>
</testsuite> <!-- com.testcase.Framehandling -->
