<?xml version="1.0" encoding="UTF-8"?>
<!-- Generated by org.testng.reporters.JUnitReportReporter -->
<testsuite hostname="DESKTOP-5EQ2V4T" name="com.TestNG.CallwrapperTestNG" tests="2" failures="0" timestamp="4 Jun 2020 16:40:03 GMT" time="15.932" errors="0">
  <testcase name="admin" time="10.463" classname="com.TestNG.CallwrapperTestNG"/>
  <testcase name="login" time="5.469" classname="com.TestNG.CallwrapperTestNG"/>
</testsuite> <!-- com.TestNG.CallwrapperTestNG -->
