<?xml version="1.0" encoding="UTF-8"?>
<!-- Generated by org.testng.reporters.JUnitReportReporter -->
<testsuite hostname="DESKTOP-5EQ2V4T" name="com.TestNG.CallwrapperTestNG" tests="2" failures="0" timestamp="8 Jun 2020 22:14:02 GMT" time="6.896" errors="0">
  <testcase name="admin" time="5.605" classname="com.TestNG.CallwrapperTestNG"/>
  <testcase name="login" time="1.291" classname="com.TestNG.CallwrapperTestNG"/>
</testsuite> <!-- com.TestNG.CallwrapperTestNG -->
